<?xml version="1.0" encoding="UTF-8"?>
<robot generator="Robot 6.1.1 (Python 3.11.5 on win32)" generated="20231216 13:28:36.109" rpa="false" schemaversion="4">
<suite id="s1" name="Testcases" source="C:\Users\Venkatesh M\PycharmProjects\datadriven_method\testcases\testcases.robot">
<kw name="Open my browser" library="resource_login" type="SETUP">
<kw name="Open Browser" library="SeleniumLibrary">
<arg>${login_url}</arg>
<arg>${browser}</arg>
<doc>Opens a new browser instance to the optional ``url``.</doc>
<msg timestamp="20231216 13:28:36.552" level="INFO">Opening browser 'chrome' to base url 'https://www.saucedemo.com/'.</msg>
<status status="PASS" starttime="20231216 13:28:36.552" endtime="20231216 13:28:43.538"/>
</kw>
<kw name="Maximize Browser Window" library="SeleniumLibrary">
<doc>Maximizes current browser window.</doc>
<status status="PASS" starttime="20231216 13:28:43.539" endtime="20231216 13:28:43.661"/>
</kw>
<status status="PASS" starttime="20231216 13:28:36.551" endtime="20231216 13:28:43.661"/>
</kw>
<test id="s1-t1" name="Right user empty password" line="11">
<kw name="Invalid Login">
<arg>problem_user</arg>
<arg>${EMPTY}</arg>
<kw name="Input username" library="resource_login">
<arg>${username}</arg>
<kw name="Input Text" library="SeleniumLibrary">
<arg>id:user-name</arg>
<arg>${username}</arg>
<doc>Types the given ``text`` into the text field identified by ``locator``.</doc>
<msg timestamp="20231216 13:28:43.663" level="INFO">Typing text 'problem_user' into text field 'id:user-name'.</msg>
<status status="PASS" starttime="20231216 13:28:43.663" endtime="20231216 13:28:43.879"/>
</kw>
<status status="PASS" starttime="20231216 13:28:43.663" endtime="20231216 13:28:43.879"/>
</kw>
<kw name="Input Password" library="resource_login">
<arg>${password}</arg>
<kw name="Input Text" library="SeleniumLibrary">
<arg>id:password</arg>
<arg>${password}</arg>
<doc>Types the given ``text`` into the text field identified by ``locator``.</doc>
<msg timestamp="20231216 13:28:43.880" level="INFO">Typing text '' into text field 'id:password'.</msg>
<status status="PASS" starttime="20231216 13:28:43.879" endtime="20231216 13:28:43.963"/>
</kw>
<status status="PASS" starttime="20231216 13:28:43.879" endtime="20231216 13:28:43.963"/>
</kw>
<kw name="click login button" library="resource_login">
<kw name="Click Element" library="SeleniumLibrary">
<arg>id:login-button</arg>
<doc>Click the element identified by ``locator``.</doc>
<msg timestamp="20231216 13:28:43.963" level="INFO">Clicking element 'id:login-button'.</msg>
<status status="PASS" starttime="20231216 13:28:43.963" endtime="20231216 13:28:44.046"/>
</kw>
<status status="PASS" starttime="20231216 13:28:43.963" endtime="20231216 13:28:44.046"/>
</kw>
<kw name="Invalid username or password" library="resource_login">
<kw name="Page Should Contain" library="SeleniumLibrary">
<arg>Epic sadface: Username and password do not match any user in this service</arg>
<doc>Verifies that current page contains ``text``.</doc>
<msg timestamp="20231216 13:28:44.227" level="INFO" html="true">&lt;/td&gt;&lt;/tr&gt;&lt;tr&gt;&lt;td colspan="3"&gt;&lt;a href="selenium-screenshot-25.png"&gt;&lt;img src="selenium-screenshot-25.png" width="800px"&gt;&lt;/a&gt;</msg>
<msg timestamp="20231216 13:28:44.227" level="FAIL">Page should have contained text 'Epic sadface: Username and password do not match any user in this service' but did not.</msg>
<status status="FAIL" starttime="20231216 13:28:44.048" endtime="20231216 13:28:44.231"/>
</kw>
<status status="FAIL" starttime="20231216 13:28:44.046" endtime="20231216 13:28:44.231"/>
</kw>
<status status="FAIL" starttime="20231216 13:28:43.663" endtime="20231216 13:28:44.231"/>
</kw>
<status status="FAIL" starttime="20231216 13:28:43.662" endtime="20231216 13:28:44.231">Page should have contained text 'Epic sadface: Username and password do not match any user in this service' but did not.</status>
</test>
<test id="s1-t2" name="Right user wrong password" line="12">
<kw name="Invalid Login">
<arg>standard_user</arg>
<arg>jsfkj</arg>
<kw name="Input username" library="resource_login">
<arg>${username}</arg>
<kw name="Input Text" library="SeleniumLibrary">
<arg>id:user-name</arg>
<arg>${username}</arg>
<doc>Types the given ``text`` into the text field identified by ``locator``.</doc>
<msg timestamp="20231216 13:28:44.233" level="INFO">Typing text 'standard_user' into text field 'id:user-name'.</msg>
<status status="PASS" starttime="20231216 13:28:44.233" endtime="20231216 13:28:44.337"/>
</kw>
<status status="PASS" starttime="20231216 13:28:44.233" endtime="20231216 13:28:44.339"/>
</kw>
<kw name="Input Password" library="resource_login">
<arg>${password}</arg>
<kw name="Input Text" library="SeleniumLibrary">
<arg>id:password</arg>
<arg>${password}</arg>
<doc>Types the given ``text`` into the text field identified by ``locator``.</doc>
<msg timestamp="20231216 13:28:44.339" level="INFO">Typing text 'jsfkj' into text field 'id:password'.</msg>
<status status="PASS" starttime="20231216 13:28:44.339" endtime="20231216 13:28:44.464"/>
</kw>
<status status="PASS" starttime="20231216 13:28:44.339" endtime="20231216 13:28:44.464"/>
</kw>
<kw name="click login button" library="resource_login">
<kw name="Click Element" library="SeleniumLibrary">
<arg>id:login-button</arg>
<doc>Click the element identified by ``locator``.</doc>
<msg timestamp="20231216 13:28:44.467" level="INFO">Clicking element 'id:login-button'.</msg>
<status status="PASS" starttime="20231216 13:28:44.466" endtime="20231216 13:28:44.512"/>
</kw>
<status status="PASS" starttime="20231216 13:28:44.464" endtime="20231216 13:28:44.512"/>
</kw>
<kw name="Invalid username or password" library="resource_login">
<kw name="Page Should Contain" library="SeleniumLibrary">
<arg>Epic sadface: Username and password do not match any user in this service</arg>
<doc>Verifies that current page contains ``text``.</doc>
<msg timestamp="20231216 13:28:44.522" level="INFO">Current page contains text 'Epic sadface: Username and password do not match any user in this service'.</msg>
<status status="PASS" starttime="20231216 13:28:44.513" endtime="20231216 13:28:44.522"/>
</kw>
<status status="PASS" starttime="20231216 13:28:44.513" endtime="20231216 13:28:44.522"/>
</kw>
<status status="PASS" starttime="20231216 13:28:44.233" endtime="20231216 13:28:44.522"/>
</kw>
<status status="PASS" starttime="20231216 13:28:44.233" endtime="20231216 13:28:44.525"/>
</test>
<test id="s1-t3" name="wrong user Right password" line="13">
<kw name="Invalid Login">
<arg>gkdjjjkjk</arg>
<arg>seceret_sauece</arg>
<kw name="Input username" library="resource_login">
<arg>${username}</arg>
<kw name="Input Text" library="SeleniumLibrary">
<arg>id:user-name</arg>
<arg>${username}</arg>
<doc>Types the given ``text`` into the text field identified by ``locator``.</doc>
<msg timestamp="20231216 13:28:44.527" level="INFO">Typing text 'gkdjjjkjk' into text field 'id:user-name'.</msg>
<status status="PASS" starttime="20231216 13:28:44.527" endtime="20231216 13:28:44.616"/>
</kw>
<status status="PASS" starttime="20231216 13:28:44.527" endtime="20231216 13:28:44.616"/>
</kw>
<kw name="Input Password" library="resource_login">
<arg>${password}</arg>
<kw name="Input Text" library="SeleniumLibrary">
<arg>id:password</arg>
<arg>${password}</arg>
<doc>Types the given ``text`` into the text field identified by ``locator``.</doc>
<msg timestamp="20231216 13:28:44.617" level="INFO">Typing text 'seceret_sauece' into text field 'id:password'.</msg>
<status status="PASS" starttime="20231216 13:28:44.617" endtime="20231216 13:28:44.705"/>
</kw>
<status status="PASS" starttime="20231216 13:28:44.616" endtime="20231216 13:28:44.705"/>
</kw>
<kw name="click login button" library="resource_login">
<kw name="Click Element" library="SeleniumLibrary">
<arg>id:login-button</arg>
<doc>Click the element identified by ``locator``.</doc>
<msg timestamp="20231216 13:28:44.708" level="INFO">Clicking element 'id:login-button'.</msg>
<status status="PASS" starttime="20231216 13:28:44.708" endtime="20231216 13:28:44.753"/>
</kw>
<status status="PASS" starttime="20231216 13:28:44.705" endtime="20231216 13:28:44.753"/>
</kw>
<kw name="Invalid username or password" library="resource_login">
<kw name="Page Should Contain" library="SeleniumLibrary">
<arg>Epic sadface: Username and password do not match any user in this service</arg>
<doc>Verifies that current page contains ``text``.</doc>
<msg timestamp="20231216 13:28:44.765" level="INFO">Current page contains text 'Epic sadface: Username and password do not match any user in this service'.</msg>
<status status="PASS" starttime="20231216 13:28:44.753" endtime="20231216 13:28:44.765"/>
</kw>
<status status="PASS" starttime="20231216 13:28:44.753" endtime="20231216 13:28:44.765"/>
</kw>
<status status="PASS" starttime="20231216 13:28:44.526" endtime="20231216 13:28:44.765"/>
</kw>
<status status="PASS" starttime="20231216 13:28:44.526" endtime="20231216 13:28:44.765"/>
</test>
<test id="s1-t4" name="wrong user empty password" line="14">
<kw name="Invalid Login">
<arg>kjkjkj</arg>
<arg>${EMPTY}</arg>
<kw name="Input username" library="resource_login">
<arg>${username}</arg>
<kw name="Input Text" library="SeleniumLibrary">
<arg>id:user-name</arg>
<arg>${username}</arg>
<doc>Types the given ``text`` into the text field identified by ``locator``.</doc>
<msg timestamp="20231216 13:28:44.769" level="INFO">Typing text 'kjkjkj' into text field 'id:user-name'.</msg>
<status status="PASS" starttime="20231216 13:28:44.769" endtime="20231216 13:28:44.863"/>
</kw>
<status status="PASS" starttime="20231216 13:28:44.769" endtime="20231216 13:28:44.863"/>
</kw>
<kw name="Input Password" library="resource_login">
<arg>${password}</arg>
<kw name="Input Text" library="SeleniumLibrary">
<arg>id:password</arg>
<arg>${password}</arg>
<doc>Types the given ``text`` into the text field identified by ``locator``.</doc>
<msg timestamp="20231216 13:28:44.863" level="INFO">Typing text '' into text field 'id:password'.</msg>
<status status="PASS" starttime="20231216 13:28:44.863" endtime="20231216 13:28:44.931"/>
</kw>
<status status="PASS" starttime="20231216 13:28:44.863" endtime="20231216 13:28:44.931"/>
</kw>
<kw name="click login button" library="resource_login">
<kw name="Click Element" library="SeleniumLibrary">
<arg>id:login-button</arg>
<doc>Click the element identified by ``locator``.</doc>
<msg timestamp="20231216 13:28:44.934" level="INFO">Clicking element 'id:login-button'.</msg>
<status status="PASS" starttime="20231216 13:28:44.934" endtime="20231216 13:28:44.972"/>
</kw>
<status status="PASS" starttime="20231216 13:28:44.934" endtime="20231216 13:28:44.972"/>
</kw>
<kw name="Invalid username or password" library="resource_login">
<kw name="Page Should Contain" library="SeleniumLibrary">
<arg>Epic sadface: Username and password do not match any user in this service</arg>
<doc>Verifies that current page contains ``text``.</doc>
<msg timestamp="20231216 13:28:44.981" level="INFO">Current page contains text 'Epic sadface: Username and password do not match any user in this service'.</msg>
<status status="PASS" starttime="20231216 13:28:44.972" endtime="20231216 13:28:44.983"/>
</kw>
<status status="PASS" starttime="20231216 13:28:44.972" endtime="20231216 13:28:44.983"/>
</kw>
<status status="PASS" starttime="20231216 13:28:44.768" endtime="20231216 13:28:44.983"/>
</kw>
<status status="PASS" starttime="20231216 13:28:44.765" endtime="20231216 13:28:44.983"/>
</test>
<test id="s1-t5" name="wrong user wrong password" line="15">
<kw name="Invalid Login">
<arg>k;wfjk;j</arg>
<arg>577878</arg>
<kw name="Input username" library="resource_login">
<arg>${username}</arg>
<kw name="Input Text" library="SeleniumLibrary">
<arg>id:user-name</arg>
<arg>${username}</arg>
<doc>Types the given ``text`` into the text field identified by ``locator``.</doc>
<msg timestamp="20231216 13:28:44.986" level="INFO">Typing text 'k;wfjk;j' into text field 'id:user-name'.</msg>
<status status="PASS" starttime="20231216 13:28:44.986" endtime="20231216 13:28:45.072"/>
</kw>
<status status="PASS" starttime="20231216 13:28:44.983" endtime="20231216 13:28:45.072"/>
</kw>
<kw name="Input Password" library="resource_login">
<arg>${password}</arg>
<kw name="Input Text" library="SeleniumLibrary">
<arg>id:password</arg>
<arg>${password}</arg>
<doc>Types the given ``text`` into the text field identified by ``locator``.</doc>
<msg timestamp="20231216 13:28:45.074" level="INFO">Typing text '577878' into text field 'id:password'.</msg>
<status status="PASS" starttime="20231216 13:28:45.072" endtime="20231216 13:28:45.158"/>
</kw>
<status status="PASS" starttime="20231216 13:28:45.072" endtime="20231216 13:28:45.158"/>
</kw>
<kw name="click login button" library="resource_login">
<kw name="Click Element" library="SeleniumLibrary">
<arg>id:login-button</arg>
<doc>Click the element identified by ``locator``.</doc>
<msg timestamp="20231216 13:28:45.158" level="INFO">Clicking element 'id:login-button'.</msg>
<status status="PASS" starttime="20231216 13:28:45.158" endtime="20231216 13:28:45.209"/>
</kw>
<status status="PASS" starttime="20231216 13:28:45.158" endtime="20231216 13:28:45.209"/>
</kw>
<kw name="Invalid username or password" library="resource_login">
<kw name="Page Should Contain" library="SeleniumLibrary">
<arg>Epic sadface: Username and password do not match any user in this service</arg>
<doc>Verifies that current page contains ``text``.</doc>
<msg timestamp="20231216 13:28:45.213" level="INFO">Current page contains text 'Epic sadface: Username and password do not match any user in this service'.</msg>
<status status="PASS" starttime="20231216 13:28:45.209" endtime="20231216 13:28:45.213"/>
</kw>
<status status="PASS" starttime="20231216 13:28:45.209" endtime="20231216 13:28:45.213"/>
</kw>
<status status="PASS" starttime="20231216 13:28:44.983" endtime="20231216 13:28:45.213"/>
</kw>
<status status="PASS" starttime="20231216 13:28:44.983" endtime="20231216 13:28:45.222"/>
</test>
<kw name="close browsers" library="resource_login" type="TEARDOWN">
<kw name="Close All Browsers" library="SeleniumLibrary">
<doc>Closes all open browsers and resets the browser cache.</doc>
<status status="PASS" starttime="20231216 13:28:45.223" endtime="20231216 13:28:52.479"/>
</kw>
<status status="PASS" starttime="20231216 13:28:45.222" endtime="20231216 13:28:52.479"/>
</kw>
<status status="FAIL" starttime="20231216 13:28:36.124" endtime="20231216 13:28:52.479"/>
</suite>
<statistics>
<total>
<stat pass="4" fail="1" skip="0">All Tests</stat>
</total>
<tag>
</tag>
<suite>
<stat pass="4" fail="1" skip="0" id="s1" name="Testcases">Testcases</stat>
</suite>
</statistics>
<errors>
</errors>
</robot>
